
LOG:  Mypy Version:           0.790+dev.0dfac58ede61f7c4a92f55ffe5f527fa6781fab2.dirty
LOG:  Config File:            Default
LOG:  Source Path:            workplane.py
LOG:  Configured Executable:  /opt/miniconda3/envs/cq-dev/bin/python3.7
LOG:  Current Executable:     /opt/miniconda3/envs/cq-dev/bin/python3.7
LOG:  Cache Dir:              .mypy_cache
LOG:  Compiled:               False
LOG:  Metadata fresh for workplane: file workplane.py
LOG:  Metadata fresh for cadquery: file /home/wink/prgs/CadQuery/forks/cadquery/cadquery/__init__.py
LOG:  Metadata fresh for builtins: file /home/wink/prgs/python/clones/mypy/mypy/typeshed/stdlib/2and3/builtins.pyi
LOG:  Metadata fresh for cadquery.occ_impl.geom: file /home/wink/prgs/CadQuery/forks/cadquery/cadquery/occ_impl/geom.py
LOG:  Metadata fresh for cadquery.occ_impl.shapes: file /home/wink/prgs/CadQuery/forks/cadquery/cadquery/occ_impl/shapes.py
LOG:  Metadata fresh for cadquery.occ_impl: file /home/wink/prgs/CadQuery/forks/cadquery/cadquery/occ_impl/__init__.py
LOG:  Metadata fresh for cadquery.occ_impl.exporters: file /home/wink/prgs/CadQuery/forks/cadquery/cadquery/occ_impl/exporters/__init__.py
LOG:  Metadata fresh for cadquery.occ_impl.importers: file /home/wink/prgs/CadQuery/forks/cadquery/cadquery/occ_impl/importers.py
LOG:  Metadata fresh for cadquery.selectors: file /home/wink/prgs/CadQuery/forks/cadquery/cadquery/selectors.py
LOG:  Metadata fresh for cadquery.cq: file /home/wink/prgs/CadQuery/forks/cadquery/cadquery/cq.py
LOG:  Metadata fresh for cadquery.plugins: file /home/wink/prgs/CadQuery/forks/cadquery/cadquery/plugins/__init__.py
LOG:  Metadata fresh for pyexpat.errors: file /home/wink/prgs/python/clones/mypy/mypy/typeshed/stdlib/2and3/pyexpat/errors.pyi
LOG:  Metadata fresh for pyexpat.model: file /home/wink/prgs/python/clones/mypy/mypy/typeshed/stdlib/2and3/pyexpat/model.pyi
LOG:  Metadata fresh for sys: file /home/wink/prgs/python/clones/mypy/mypy/typeshed/stdlib/3/sys.pyi
LOG:  Metadata fresh for _typeshed: file /home/wink/prgs/python/clones/mypy/mypy/typeshed/stdlib/2and3/_typeshed/__init__.pyi
LOG:  Metadata fresh for abc: file /home/wink/prgs/python/clones/mypy/mypy/typeshed/stdlib/3/abc.pyi
LOG:  Metadata fresh for ast: file /home/wink/prgs/python/clones/mypy/mypy/typeshed/stdlib/3/ast.pyi
LOG:  Metadata fresh for io: file /home/wink/prgs/python/clones/mypy/mypy/typeshed/stdlib/3/io.pyi
LOG:  Metadata fresh for types: file /home/wink/prgs/python/clones/mypy/mypy/typeshed/stdlib/3/types.pyi
LOG:  Metadata fresh for typing: file /home/wink/prgs/python/clones/mypy/mypy/typeshed/stdlib/3/typing.pyi
LOG:  Metadata fresh for typing_extensions: file /home/wink/prgs/python/clones/mypy/mypy/typeshed/third_party/2and3/typing_extensions.pyi
LOG:  Metadata fresh for math: file /home/wink/prgs/python/clones/mypy/mypy/typeshed/stdlib/2and3/math.pyi
LOG:  Metadata fresh for OCP.gp: file /opt/miniconda3/envs/cq-dev/lib/python3.7/site-packages/OCP-stubs/gp/__init__.pyi
LOG:  Metadata fresh for OCP.Bnd: file /opt/miniconda3/envs/cq-dev/lib/python3.7/site-packages/OCP-stubs/Bnd/__init__.pyi
LOG:  Metadata fresh for OCP.BRepBndLib: file /opt/miniconda3/envs/cq-dev/lib/python3.7/site-packages/OCP-stubs/BRepBndLib/__init__.pyi
LOG:  Metadata fresh for OCP.BRepMesh: file /opt/miniconda3/envs/cq-dev/lib/python3.7/site-packages/OCP-stubs/BRepMesh/__init__.pyi
LOG:  Metadata fresh for OCP.TopoDS: file /opt/miniconda3/envs/cq-dev/lib/python3.7/site-packages/OCP-stubs/TopoDS/__init__.pyi
LOG:  Metadata fresh for OCP.TopLoc: file /opt/miniconda3/envs/cq-dev/lib/python3.7/site-packages/OCP-stubs/TopLoc/__init__.pyi
LOG:  Metadata fresh for OCP.TopAbs: file /opt/miniconda3/envs/cq-dev/lib/python3.7/site-packages/OCP-stubs/TopAbs/__init__.pyi
LOG:  Metadata fresh for OCP: file /opt/miniconda3/envs/cq-dev/lib/python3.7/site-packages/OCP-stubs/__init__.pyi
LOG:  Metadata fresh for OCP.GeomAbs: file /opt/miniconda3/envs/cq-dev/lib/python3.7/site-packages/OCP-stubs/GeomAbs/__init__.pyi
LOG:  Metadata fresh for OCP.TColgp: file /opt/miniconda3/envs/cq-dev/lib/python3.7/site-packages/OCP-stubs/TColgp/__init__.pyi
LOG:  Metadata fresh for OCP.BRepAdaptor: file /opt/miniconda3/envs/cq-dev/lib/python3.7/site-packages/OCP-stubs/BRepAdaptor/__init__.pyi
LOG:  Metadata fresh for OCP.BRepBuilderAPI: file /opt/miniconda3/envs/cq-dev/lib/python3.7/site-packages/OCP-stubs/BRepBuilderAPI/__init__.pyi
LOG:  Metadata fresh for OCP.GProp: file /opt/miniconda3/envs/cq-dev/lib/python3.7/site-packages/OCP-stubs/GProp/__init__.pyi
LOG:  Metadata fresh for OCP.BRepGProp: file /opt/miniconda3/envs/cq-dev/lib/python3.7/site-packages/OCP-stubs/BRepGProp/__init__.pyi
LOG:  Metadata fresh for OCP.BRepLProp: file /opt/miniconda3/envs/cq-dev/lib/python3.7/site-packages/OCP-stubs/BRepLProp/__init__.pyi
LOG:  Metadata fresh for OCP.BRepPrimAPI: file /opt/miniconda3/envs/cq-dev/lib/python3.7/site-packages/OCP-stubs/BRepPrimAPI/__init__.pyi
LOG:  Metadata fresh for OCP.TopExp: file /opt/miniconda3/envs/cq-dev/lib/python3.7/site-packages/OCP-stubs/TopExp/__init__.pyi
LOG:  Metadata fresh for OCP.BRep: file /opt/miniconda3/envs/cq-dev/lib/python3.7/site-packages/OCP-stubs/BRep/__init__.pyi
LOG:  Metadata fresh for OCP.GC: file /opt/miniconda3/envs/cq-dev/lib/python3.7/site-packages/OCP-stubs/GC/__init__.pyi
LOG:  Metadata fresh for OCP.GCE2d: file /opt/miniconda3/envs/cq-dev/lib/python3.7/site-packages/OCP-stubs/GCE2d/__init__.pyi
LOG:  Metadata fresh for OCP.GeomAPI: file /opt/miniconda3/envs/cq-dev/lib/python3.7/site-packages/OCP-stubs/GeomAPI/__init__.pyi
LOG:  Metadata fresh for OCP.BRepFill: file /opt/miniconda3/envs/cq-dev/lib/python3.7/site-packages/OCP-stubs/BRepFill/__init__.pyi
LOG:  Metadata fresh for OCP.BRepAlgoAPI: file /opt/miniconda3/envs/cq-dev/lib/python3.7/site-packages/OCP-stubs/BRepAlgoAPI/__init__.pyi
LOG:  Metadata fresh for OCP.Geom: file /opt/miniconda3/envs/cq-dev/lib/python3.7/site-packages/OCP-stubs/Geom/__init__.pyi
LOG:  Metadata fresh for OCP.Geom2d: file /opt/miniconda3/envs/cq-dev/lib/python3.7/site-packages/OCP-stubs/Geom2d/__init__.pyi
LOG:  Metadata fresh for OCP.BRepLib: file /opt/miniconda3/envs/cq-dev/lib/python3.7/site-packages/OCP-stubs/BRepLib/__init__.pyi
LOG:  Metadata fresh for OCP.BRepOffsetAPI: file /opt/miniconda3/envs/cq-dev/lib/python3.7/site-packages/OCP-stubs/BRepOffsetAPI/__init__.pyi
LOG:  Metadata fresh for OCP.BRepFilletAPI: file /opt/miniconda3/envs/cq-dev/lib/python3.7/site-packages/OCP-stubs/BRepFilletAPI/__init__.pyi
LOG:  Metadata fresh for OCP.TopTools: file /opt/miniconda3/envs/cq-dev/lib/python3.7/site-packages/OCP-stubs/TopTools/__init__.pyi
LOG:  Metadata fresh for OCP.ShapeFix: file /opt/miniconda3/envs/cq-dev/lib/python3.7/site-packages/OCP-stubs/ShapeFix/__init__.pyi
LOG:  Metadata fresh for OCP.STEPControl: file /opt/miniconda3/envs/cq-dev/lib/python3.7/site-packages/OCP-stubs/STEPControl/__init__.pyi
LOG:  Metadata fresh for OCP.StlAPI: file /opt/miniconda3/envs/cq-dev/lib/python3.7/site-packages/OCP-stubs/StlAPI/__init__.pyi
LOG:  Metadata fresh for OCP.ShapeUpgrade: file /opt/miniconda3/envs/cq-dev/lib/python3.7/site-packages/OCP-stubs/ShapeUpgrade/__init__.pyi
LOG:  Metadata fresh for OCP.BRepTools: file /opt/miniconda3/envs/cq-dev/lib/python3.7/site-packages/OCP-stubs/BRepTools/__init__.pyi
LOG:  Metadata fresh for OCP.LocOpe: file /opt/miniconda3/envs/cq-dev/lib/python3.7/site-packages/OCP-stubs/LocOpe/__init__.pyi
LOG:  Metadata fresh for OCP.BRepCheck: file /opt/miniconda3/envs/cq-dev/lib/python3.7/site-packages/OCP-stubs/BRepCheck/__init__.pyi
LOG:  Metadata fresh for OCP.Font: file /opt/miniconda3/envs/cq-dev/lib/python3.7/site-packages/OCP-stubs/Font/__init__.pyi
LOG:  Metadata fresh for OCP.BRepFeat: file /opt/miniconda3/envs/cq-dev/lib/python3.7/site-packages/OCP-stubs/BRepFeat/__init__.pyi
LOG:  Metadata fresh for OCP.BRepClass3d: file /opt/miniconda3/envs/cq-dev/lib/python3.7/site-packages/OCP-stubs/BRepClass3d/__init__.pyi
LOG:  Metadata fresh for OCP.TCollection: file /opt/miniconda3/envs/cq-dev/lib/python3.7/site-packages/OCP-stubs/TCollection/__init__.pyi
LOG:  Metadata fresh for OCP.BRepOffset: file /opt/miniconda3/envs/cq-dev/lib/python3.7/site-packages/OCP-stubs/BRepOffset/__init__.pyi
LOG:  Metadata fresh for OCP.BOPAlgo: file /opt/miniconda3/envs/cq-dev/lib/python3.7/site-packages/OCP-stubs/BOPAlgo/__init__.pyi
LOG:  Metadata fresh for OCP.IFSelect: file /opt/miniconda3/envs/cq-dev/lib/python3.7/site-packages/OCP-stubs/IFSelect/__init__.pyi
LOG:  Metadata fresh for OCP.ShapeAnalysis: file /opt/miniconda3/envs/cq-dev/lib/python3.7/site-packages/OCP-stubs/ShapeAnalysis/__init__.pyi
LOG:  Metadata fresh for OCP.GCPnts: file /opt/miniconda3/envs/cq-dev/lib/python3.7/site-packages/OCP-stubs/GCPnts/__init__.pyi
LOG:  Metadata fresh for OCP.GeomFill: file /opt/miniconda3/envs/cq-dev/lib/python3.7/site-packages/OCP-stubs/GeomFill/__init__.pyi
LOG:  Metadata fresh for warnings: file /home/wink/prgs/python/clones/mypy/mypy/typeshed/stdlib/2and3/warnings.pyi
LOG:  Metadata fresh for cadquery.occ_impl.jupyter_tools: file /home/wink/prgs/CadQuery/forks/cadquery/cadquery/occ_impl/jupyter_tools.py
LOG:  Metadata fresh for tempfile: file /home/wink/prgs/python/clones/mypy/mypy/typeshed/stdlib/3/tempfile.pyi
LOG:  Metadata fresh for os: file /home/wink/prgs/python/clones/mypy/mypy/typeshed/stdlib/3/os/__init__.pyi
LOG:  Metadata fresh for cadquery.utils: file /home/wink/prgs/CadQuery/forks/cadquery/cadquery/utils.py
LOG:  Metadata fresh for cadquery.occ_impl.exporters.svg: file /home/wink/prgs/CadQuery/forks/cadquery/cadquery/occ_impl/exporters/svg.py
LOG:  Metadata fresh for cadquery.occ_impl.exporters.json: file /home/wink/prgs/CadQuery/forks/cadquery/cadquery/occ_impl/exporters/json.py
LOG:  Metadata fresh for cadquery.occ_impl.exporters.amf: file /home/wink/prgs/CadQuery/forks/cadquery/cadquery/occ_impl/exporters/amf.py
LOG:  Metadata fresh for cadquery.occ_impl.exporters.dxf: file /home/wink/prgs/CadQuery/forks/cadquery/cadquery/occ_impl/exporters/dxf.py
LOG:  Metadata fresh for cadquery.occ_impl.exporters.utils: file /home/wink/prgs/CadQuery/forks/cadquery/cadquery/occ_impl/exporters/utils.py
LOG:  Metadata fresh for collections: file /home/wink/prgs/python/clones/mypy/mypy/typeshed/stdlib/3/collections/__init__.pyi
LOG:  Metadata fresh for OCP.TColStd: file /opt/miniconda3/envs/cq-dev/lib/python3.7/site-packages/OCP-stubs/TColStd/__init__.pyi
LOG:  Metadata fresh for functools: file /home/wink/prgs/python/clones/mypy/mypy/typeshed/stdlib/3/functools.pyi
LOG:  Metadata fresh for copy: file /home/wink/prgs/python/clones/mypy/mypy/typeshed/stdlib/2and3/copy.pyi
LOG:  Metadata fresh for itertools: file /home/wink/prgs/python/clones/mypy/mypy/typeshed/stdlib/3/itertools.pyi
LOG:  Metadata fresh for pyexpat: file /home/wink/prgs/python/clones/mypy/mypy/typeshed/stdlib/2and3/pyexpat/__init__.pyi
LOG:  Metadata fresh for importlib.abc: file /home/wink/prgs/python/clones/mypy/mypy/typeshed/stdlib/3/importlib/abc.pyi
LOG:  Metadata fresh for array: file /home/wink/prgs/python/clones/mypy/mypy/typeshed/stdlib/2and3/array.pyi
LOG:  Metadata fresh for mmap: file /home/wink/prgs/python/clones/mypy/mypy/typeshed/stdlib/2and3/mmap.pyi
LOG:  Metadata fresh for _ast: file /home/wink/prgs/python/clones/mypy/mypy/typeshed/stdlib/3/_ast.pyi
LOG:  Metadata fresh for codecs: file /home/wink/prgs/python/clones/mypy/mypy/typeshed/stdlib/2and3/codecs.pyi
LOG:  Metadata fresh for _importlib_modulespec: file /home/wink/prgs/python/clones/mypy/mypy/typeshed/stdlib/3/_importlib_modulespec.pyi
LOG:  Metadata fresh for OCP.NCollection: file /opt/miniconda3/envs/cq-dev/lib/python3.7/site-packages/OCP-stubs/NCollection/__init__.pyi
LOG:  Metadata fresh for OCP.Standard: file /opt/miniconda3/envs/cq-dev/lib/python3.7/site-packages/OCP-stubs/Standard/__init__.pyi
LOG:  Metadata fresh for OCP.Graphic3d: file /opt/miniconda3/envs/cq-dev/lib/python3.7/site-packages/OCP-stubs/Graphic3d/__init__.pyi
LOG:  Metadata fresh for OCP.Poly: file /opt/miniconda3/envs/cq-dev/lib/python3.7/site-packages/OCP-stubs/Poly/__init__.pyi
LOG:  Metadata fresh for OCP.Message: file /opt/miniconda3/envs/cq-dev/lib/python3.7/site-packages/OCP-stubs/Message/__init__.pyi
LOG:  Metadata fresh for OCP.Adaptor2d: file /opt/miniconda3/envs/cq-dev/lib/python3.7/site-packages/OCP-stubs/Adaptor2d/__init__.pyi
LOG:  Metadata fresh for OCP.Adaptor3d: file /opt/miniconda3/envs/cq-dev/lib/python3.7/site-packages/OCP-stubs/Adaptor3d/__init__.pyi
LOG:  Metadata fresh for OCP.Geom2dAdaptor: file /opt/miniconda3/envs/cq-dev/lib/python3.7/site-packages/OCP-stubs/Geom2dAdaptor/__init__.pyi
LOG:  Metadata fresh for OCP.GeomAdaptor: file /opt/miniconda3/envs/cq-dev/lib/python3.7/site-packages/OCP-stubs/GeomAdaptor/__init__.pyi
LOG:  Metadata fresh for OCP.math: file /opt/miniconda3/envs/cq-dev/lib/python3.7/site-packages/OCP-stubs/math/__init__.pyi
LOG:  Metadata fresh for OCP.BRepSweep: file /opt/miniconda3/envs/cq-dev/lib/python3.7/site-packages/OCP-stubs/BRepSweep/__init__.pyi
LOG:  Metadata fresh for OCP.BRepPrim: file /opt/miniconda3/envs/cq-dev/lib/python3.7/site-packages/OCP-stubs/BRepPrim/__init__.pyi
LOG:  Metadata fresh for OCP.gce: file /opt/miniconda3/envs/cq-dev/lib/python3.7/site-packages/OCP-stubs/gce/__init__.pyi
LOG:  Metadata fresh for OCP.Approx: file /opt/miniconda3/envs/cq-dev/lib/python3.7/site-packages/OCP-stubs/Approx/__init__.pyi
LOG:  Metadata fresh for OCP.Extrema: file /opt/miniconda3/envs/cq-dev/lib/python3.7/site-packages/OCP-stubs/Extrema/__init__.pyi
LOG:  Metadata fresh for OCP.GeomLProp: file /opt/miniconda3/envs/cq-dev/lib/python3.7/site-packages/OCP-stubs/GeomLProp/__init__.pyi
LOG:  Metadata fresh for OCP.BRepMAT2d: file /opt/miniconda3/envs/cq-dev/lib/python3.7/site-packages/OCP-stubs/BRepMAT2d/__init__.pyi
LOG:  Metadata fresh for OCP.Bisector: file /opt/miniconda3/envs/cq-dev/lib/python3.7/site-packages/OCP-stubs/Bisector/__init__.pyi
LOG:  Metadata fresh for OCP.MAT: file /opt/miniconda3/envs/cq-dev/lib/python3.7/site-packages/OCP-stubs/MAT/__init__.pyi
LOG:  Metadata fresh for OCP.GeomPlate: file /opt/miniconda3/envs/cq-dev/lib/python3.7/site-packages/OCP-stubs/GeomPlate/__init__.pyi
LOG:  Metadata fresh for OCP.AppCont: file /opt/miniconda3/envs/cq-dev/lib/python3.7/site-packages/OCP-stubs/AppCont/__init__.pyi
LOG:  Metadata fresh for OCP.AppParCurves: file /opt/miniconda3/envs/cq-dev/lib/python3.7/site-packages/OCP-stubs/AppParCurves/__init__.pyi
LOG:  Metadata fresh for OCP.Law: file /opt/miniconda3/envs/cq-dev/lib/python3.7/site-packages/OCP-stubs/Law/__init__.pyi
LOG:  Metadata fresh for OCP.Draft: file /opt/miniconda3/envs/cq-dev/lib/python3.7/site-packages/OCP-stubs/Draft/__init__.pyi
LOG:  Metadata fresh for OCP.TopOpeBRepBuild: file /opt/miniconda3/envs/cq-dev/lib/python3.7/site-packages/OCP-stubs/TopOpeBRepBuild/__init__.pyi
LOG:  Metadata fresh for OCP.ChFiDS: file /opt/miniconda3/envs/cq-dev/lib/python3.7/site-packages/OCP-stubs/ChFiDS/__init__.pyi
LOG:  Metadata fresh for OCP.ChFi3d: file /opt/miniconda3/envs/cq-dev/lib/python3.7/site-packages/OCP-stubs/ChFi3d/__init__.pyi
LOG:  Metadata fresh for OCP.ChFi2d: file /opt/miniconda3/envs/cq-dev/lib/python3.7/site-packages/OCP-stubs/ChFi2d/__init__.pyi
LOG:  Metadata fresh for OCP.ShapeBuild: file /opt/miniconda3/envs/cq-dev/lib/python3.7/site-packages/OCP-stubs/ShapeBuild/__init__.pyi
LOG:  Metadata fresh for OCP.ShapeExtend: file /opt/miniconda3/envs/cq-dev/lib/python3.7/site-packages/OCP-stubs/ShapeExtend/__init__.pyi
LOG:  Metadata fresh for OCP.ShapeConstruct: file /opt/miniconda3/envs/cq-dev/lib/python3.7/site-packages/OCP-stubs/ShapeConstruct/__init__.pyi
LOG:  Metadata fresh for OCP.StepShape: file /opt/miniconda3/envs/cq-dev/lib/python3.7/site-packages/OCP-stubs/StepShape/__init__.pyi
LOG:  Metadata fresh for OCP.Transfer: file /opt/miniconda3/envs/cq-dev/lib/python3.7/site-packages/OCP-stubs/Transfer/__init__.pyi
LOG:  Metadata fresh for OCP.StepData: file /opt/miniconda3/envs/cq-dev/lib/python3.7/site-packages/OCP-stubs/StepData/__init__.pyi
LOG:  Metadata fresh for OCP.StepGeom: file /opt/miniconda3/envs/cq-dev/lib/python3.7/site-packages/OCP-stubs/StepGeom/__init__.pyi
LOG:  Metadata fresh for OCP.StepRepr: file /opt/miniconda3/envs/cq-dev/lib/python3.7/site-packages/OCP-stubs/StepRepr/__init__.pyi
LOG:  Metadata fresh for OCP.XSControl: file /opt/miniconda3/envs/cq-dev/lib/python3.7/site-packages/OCP-stubs/XSControl/__init__.pyi
LOG:  Metadata fresh for OCP.Interface: file /opt/miniconda3/envs/cq-dev/lib/python3.7/site-packages/OCP-stubs/Interface/__init__.pyi
LOG:  Metadata fresh for OCP.TColGeom2d: file /opt/miniconda3/envs/cq-dev/lib/python3.7/site-packages/OCP-stubs/TColGeom2d/__init__.pyi
LOG:  Metadata fresh for OCP.TColGeom: file /opt/miniconda3/envs/cq-dev/lib/python3.7/site-packages/OCP-stubs/TColGeom/__init__.pyi
LOG:  Metadata fresh for OCP.Image: file /opt/miniconda3/envs/cq-dev/lib/python3.7/site-packages/OCP-stubs/Image/__init__.pyi
LOG:  Metadata fresh for OCP.BOPDS: file /opt/miniconda3/envs/cq-dev/lib/python3.7/site-packages/OCP-stubs/BOPDS/__init__.pyi
LOG:  Metadata fresh for OCP.IntTools: file /opt/miniconda3/envs/cq-dev/lib/python3.7/site-packages/OCP-stubs/IntTools/__init__.pyi
LOG:  Metadata fresh for OCP.IntCurveSurface: file /opt/miniconda3/envs/cq-dev/lib/python3.7/site-packages/OCP-stubs/IntCurveSurface/__init__.pyi
LOG:  Metadata fresh for OCP.IntCurvesFace: file /opt/miniconda3/envs/cq-dev/lib/python3.7/site-packages/OCP-stubs/IntCurvesFace/__init__.pyi
LOG:  Metadata fresh for OCP.BRepAlgo: file /opt/miniconda3/envs/cq-dev/lib/python3.7/site-packages/OCP-stubs/BRepAlgo/__init__.pyi
LOG:  Metadata fresh for OCP.BOPTools: file /opt/miniconda3/envs/cq-dev/lib/python3.7/site-packages/OCP-stubs/BOPTools/__init__.pyi
LOG:  Metadata fresh for OCP.OpenGl: file /opt/miniconda3/envs/cq-dev/lib/python3.7/site-packages/OCP-stubs/OpenGl/__init__.pyi
LOG:  Metadata fresh for OCP.IFGraph: file /opt/miniconda3/envs/cq-dev/lib/python3.7/site-packages/OCP-stubs/IFGraph/__init__.pyi
LOG:  Metadata fresh for OCP.IntRes2d: file /opt/miniconda3/envs/cq-dev/lib/python3.7/site-packages/OCP-stubs/IntRes2d/__init__.pyi
LOG:  Metadata fresh for OCP.Convert: file /opt/miniconda3/envs/cq-dev/lib/python3.7/site-packages/OCP-stubs/Convert/__init__.pyi
LOG:  Metadata fresh for OCP.AppBlend: file /opt/miniconda3/envs/cq-dev/lib/python3.7/site-packages/OCP-stubs/AppBlend/__init__.pyi
LOG:  Metadata fresh for _warnings: file /home/wink/prgs/python/clones/mypy/mypy/typeshed/stdlib/2and3/_warnings.pyi
LOG:  Metadata fresh for posix: file /home/wink/prgs/python/clones/mypy/mypy/typeshed/stdlib/3/posix.pyi
LOG:  Metadata fresh for os.path: file /home/wink/prgs/python/clones/mypy/mypy/typeshed/stdlib/3/os/path.pyi
LOG:  Metadata fresh for inspect: file /home/wink/prgs/python/clones/mypy/mypy/typeshed/stdlib/3/inspect.pyi
LOG:  Metadata fresh for OCP.HLRBRep: file /opt/miniconda3/envs/cq-dev/lib/python3.7/site-packages/OCP-stubs/HLRBRep/__init__.pyi
LOG:  Metadata fresh for OCP.HLRAlgo: file /opt/miniconda3/envs/cq-dev/lib/python3.7/site-packages/OCP-stubs/HLRAlgo/__init__.pyi
LOG:  Metadata fresh for xml.etree.cElementTree: file /home/wink/prgs/python/clones/mypy/mypy/typeshed/stdlib/2and3/xml/etree/cElementTree.pyi
LOG:  Metadata fresh for xml: file /home/wink/prgs/python/clones/mypy/mypy/typeshed/stdlib/2and3/xml/__init__.pyi
LOG:  Metadata fresh for xml.etree: file /home/wink/prgs/python/clones/mypy/mypy/typeshed/stdlib/2and3/xml/etree/__init__.pyi
LOG:  Metadata fresh for cadquery.units: file /home/wink/prgs/CadQuery/forks/cadquery/cadquery/units.py
LOG:  Metadata fresh for OCP.GeomConvert: file /opt/miniconda3/envs/cq-dev/lib/python3.7/site-packages/OCP-stubs/GeomConvert/__init__.pyi
LOG:  Metadata fresh for importlib: file /home/wink/prgs/python/clones/mypy/mypy/typeshed/stdlib/3/importlib/__init__.pyi
LOG:  Metadata fresh for OCP.Aspect: file /opt/miniconda3/envs/cq-dev/lib/python3.7/site-packages/OCP-stubs/Aspect/__init__.pyi
LOG:  Metadata fresh for OCP.SelectMgr: file /opt/miniconda3/envs/cq-dev/lib/python3.7/site-packages/OCP-stubs/SelectMgr/__init__.pyi
LOG:  Metadata fresh for OCP.Quantity: file /opt/miniconda3/envs/cq-dev/lib/python3.7/site-packages/OCP-stubs/Quantity/__init__.pyi
LOG:  Metadata fresh for OCP.OSD: file /opt/miniconda3/envs/cq-dev/lib/python3.7/site-packages/OCP-stubs/OSD/__init__.pyi
LOG:  Metadata fresh for OCP.Select3D: file /opt/miniconda3/envs/cq-dev/lib/python3.7/site-packages/OCP-stubs/Select3D/__init__.pyi
LOG:  Metadata fresh for OCP.TShort: file /opt/miniconda3/envs/cq-dev/lib/python3.7/site-packages/OCP-stubs/TShort/__init__.pyi
LOG:  Metadata fresh for OCP.Sweep: file /opt/miniconda3/envs/cq-dev/lib/python3.7/site-packages/OCP-stubs/Sweep/__init__.pyi
LOG:  Metadata fresh for OCP.Plate: file /opt/miniconda3/envs/cq-dev/lib/python3.7/site-packages/OCP-stubs/Plate/__init__.pyi
LOG:  Metadata fresh for OCP.AdvApp2Var: file /opt/miniconda3/envs/cq-dev/lib/python3.7/site-packages/OCP-stubs/AdvApp2Var/__init__.pyi
LOG:  Metadata fresh for OCP.TopOpeBRepTool: file /opt/miniconda3/envs/cq-dev/lib/python3.7/site-packages/OCP-stubs/TopOpeBRepTool/__init__.pyi
LOG:  Metadata fresh for OCP.TopOpeBRepDS: file /opt/miniconda3/envs/cq-dev/lib/python3.7/site-packages/OCP-stubs/TopOpeBRepDS/__init__.pyi
LOG:  Metadata fresh for OCP.BRepBlend: file /opt/miniconda3/envs/cq-dev/lib/python3.7/site-packages/OCP-stubs/BRepBlend/__init__.pyi
LOG:  Metadata fresh for OCP.IntSurf: file /opt/miniconda3/envs/cq-dev/lib/python3.7/site-packages/OCP-stubs/IntSurf/__init__.pyi
LOG:  Metadata fresh for OCP.StepBasic: file /opt/miniconda3/envs/cq-dev/lib/python3.7/site-packages/OCP-stubs/StepBasic/__init__.pyi
LOG:  Metadata fresh for OCP.IntPatch: file /opt/miniconda3/envs/cq-dev/lib/python3.7/site-packages/OCP-stubs/IntPatch/__init__.pyi
LOG:  Metadata fresh for OCP.GeomInt: file /opt/miniconda3/envs/cq-dev/lib/python3.7/site-packages/OCP-stubs/GeomInt/__init__.pyi
LOG:  Metadata fresh for OCP.Geom2dHatch: file /opt/miniconda3/envs/cq-dev/lib/python3.7/site-packages/OCP-stubs/Geom2dHatch/__init__.pyi
LOG:  Metadata fresh for OCP.Intf: file /opt/miniconda3/envs/cq-dev/lib/python3.7/site-packages/OCP-stubs/Intf/__init__.pyi
LOG:  Metadata fresh for genericpath: file /home/wink/prgs/python/clones/mypy/mypy/typeshed/stdlib/2and3/genericpath.pyi
LOG:  Metadata fresh for enum: file /home/wink/prgs/python/clones/mypy/mypy/typeshed/stdlib/3/enum.pyi
LOG:  Metadata fresh for OCP.HLRTopoBRep: file /opt/miniconda3/envs/cq-dev/lib/python3.7/site-packages/OCP-stubs/HLRTopoBRep/__init__.pyi
LOG:  Metadata fresh for OCP.BRepTopAdaptor: file /opt/miniconda3/envs/cq-dev/lib/python3.7/site-packages/OCP-stubs/BRepTopAdaptor/__init__.pyi
LOG:  Metadata fresh for xml.etree.ElementTree: file /home/wink/prgs/python/clones/mypy/mypy/typeshed/stdlib/2and3/xml/etree/ElementTree.pyi
LOG:  Metadata fresh for xml.parsers: file /home/wink/prgs/python/clones/mypy/mypy/typeshed/stdlib/2and3/xml/parsers/__init__.pyi
LOG:  Metadata fresh for OCP.PrsMgr: file /opt/miniconda3/envs/cq-dev/lib/python3.7/site-packages/OCP-stubs/PrsMgr/__init__.pyi
LOG:  Metadata fresh for OCP.SelectBasics: file /opt/miniconda3/envs/cq-dev/lib/python3.7/site-packages/OCP-stubs/SelectBasics/__init__.pyi
LOG:  Metadata fresh for OCP.AIS: file /opt/miniconda3/envs/cq-dev/lib/python3.7/site-packages/OCP-stubs/AIS/__init__.pyi
LOG:  Metadata fresh for OCP.V3d: file /opt/miniconda3/envs/cq-dev/lib/python3.7/site-packages/OCP-stubs/V3d/__init__.pyi
LOG:  Metadata fresh for OCP.Prs3d: file /opt/miniconda3/envs/cq-dev/lib/python3.7/site-packages/OCP-stubs/Prs3d/__init__.pyi
LOG:  Metadata fresh for OCP.BVH: file /opt/miniconda3/envs/cq-dev/lib/python3.7/site-packages/OCP-stubs/BVH/__init__.pyi
LOG:  Metadata fresh for OCP.AdvApprox: file /opt/miniconda3/envs/cq-dev/lib/python3.7/site-packages/OCP-stubs/AdvApprox/__init__.pyi
LOG:  Metadata fresh for OCP.BlendFunc: file /opt/miniconda3/envs/cq-dev/lib/python3.7/site-packages/OCP-stubs/BlendFunc/__init__.pyi
LOG:  Metadata fresh for OCP.Blend: file /opt/miniconda3/envs/cq-dev/lib/python3.7/site-packages/OCP-stubs/Blend/__init__.pyi
LOG:  Metadata fresh for OCP.IntAna: file /opt/miniconda3/envs/cq-dev/lib/python3.7/site-packages/OCP-stubs/IntAna/__init__.pyi
LOG:  Metadata fresh for OCP.IntImp: file /opt/miniconda3/envs/cq-dev/lib/python3.7/site-packages/OCP-stubs/IntImp/__init__.pyi
LOG:  Metadata fresh for OCP.Geom2dInt: file /opt/miniconda3/envs/cq-dev/lib/python3.7/site-packages/OCP-stubs/Geom2dInt/__init__.pyi
LOG:  Metadata fresh for OCP.HatchGen: file /opt/miniconda3/envs/cq-dev/lib/python3.7/site-packages/OCP-stubs/HatchGen/__init__.pyi
LOG:  Metadata fresh for OCP.Contap: file /opt/miniconda3/envs/cq-dev/lib/python3.7/site-packages/OCP-stubs/Contap/__init__.pyi
LOG:  Metadata fresh for xml.parsers.expat: file /home/wink/prgs/python/clones/mypy/mypy/typeshed/stdlib/2and3/xml/parsers/expat/__init__.pyi
LOG:  Metadata fresh for OCP.StdSelect: file /opt/miniconda3/envs/cq-dev/lib/python3.7/site-packages/OCP-stubs/StdSelect/__init__.pyi
LOG:  Metadata fresh for OCP.DsgPrs: file /opt/miniconda3/envs/cq-dev/lib/python3.7/site-packages/OCP-stubs/DsgPrs/__init__.pyi
LOG:  Metadata fresh for OCP.PLib: file /opt/miniconda3/envs/cq-dev/lib/python3.7/site-packages/OCP-stubs/PLib/__init__.pyi
LOG:  Metadata fresh for OCP.IntCurve: file /opt/miniconda3/envs/cq-dev/lib/python3.7/site-packages/OCP-stubs/IntCurve/__init__.pyi
LOG:  Loaded graph with 197 nodes (0.163 sec)
LOG:  Found 148 SCCs; largest has 21 nodes
LOG:  148 fresh SCCs (197 nodes) left in queue (and will remain unprocessed)
LOG:  Build finished in 0.171 seconds with 0 modules, and 0 errors
mypy.main:+ WINK
Success: no issues found in 1 source file
